<?xml version="1.0" encoding="UTF-8"?>
<testng-results skipped="0" failed="0" total="4" passed="4">
  <reporter-output>
  </reporter-output>
  <suite name="Default suite" duration-ms="86266" started-at="2019-08-11T18:38:22Z" finished-at="2019-08-11T18:39:49Z">
    <groups>
    </groups>
    <test name="Default test" duration-ms="86266" started-at="2019-08-11T18:38:22Z" finished-at="2019-08-11T18:39:49Z">
      <class name="automationpractice.testCases.TestCases">
        <test-method status="PASS" signature="registerNewUser()[pri:0, instance:automationpractice.testCases.TestCases@7adda9cc]" name="registerNewUser" duration-ms="21163" started-at="2019-08-12T00:08:22Z" finished-at="2019-08-12T00:08:44Z">
          <reporter-output>
          </reporter-output>
        </test-method> <!-- registerNewUser -->
        <test-method status="PASS" signature="login()[pri:0, instance:automationpractice.testCases.TestCases@7adda9cc]" name="login" duration-ms="2408" started-at="2019-08-12T00:08:44Z" finished-at="2019-08-12T00:08:46Z">
          <reporter-output>
          </reporter-output>
        </test-method> <!-- login -->
        <test-method status="PASS" signature="verifyFinalPrice()[pri:0, instance:automationpractice.testCases.TestCases@7adda9cc]" name="verifyFinalPrice" duration-ms="62598" started-at="2019-08-12T00:08:46Z" finished-at="2019-08-12T00:09:49Z">
          <reporter-output>
          </reporter-output>
        </test-method> <!-- verifyFinalPrice -->
        <test-method status="PASS" signature="verifyPriceIncludingShipping()[pri:0, instance:automationpractice.testCases.TestCases@7adda9cc]" name="verifyPriceIncludingShipping" duration-ms="80" started-at="2019-08-12T00:09:49Z" finished-at="2019-08-12T00:09:49Z">
          <reporter-output>
          </reporter-output>
        </test-method> <!-- verifyPriceIncludingShipping -->
      </class> <!-- automationpractice.testCases.TestCases -->
    </test> <!-- Default test -->
  </suite> <!-- Default suite -->
</testng-results>
