<?xml version="1.0" encoding="UTF-8"?>
<!-- Generated by org.testng.reporters.JUnitXMLReporter -->
<testsuite hostname="DESKTOP-BTI5G9F" name="Default test" tests="4" failures="0" timestamp="11 Aug 2019 18:39:49 GMT" time="86.266" errors="0">
  <testcase name="registerNewUser" time="21.163" classname="automationpractice.testCases.TestCases"/>
  <testcase name="login" time="2.408" classname="automationpractice.testCases.TestCases"/>
  <testcase name="verifyFinalPrice" time="62.598" classname="automationpractice.testCases.TestCases"/>
  <testcase name="verifyPriceIncludingShipping" time="0.08" classname="automationpractice.testCases.TestCases"/>
</testsuite> <!-- Default test -->
